1
   Cartesian binning n.   1  "DepthDose " , generalized particle n.  228
      X coordinate: from -1.0000E-01 to  1.2500E+00 cm,  1000 bins ( 1.3500E-03 cm wide)
      Y coordinate: from -2.5000E+00 to  2.5000E+00 cm,     1 bins ( 5.0000E+00 cm wide)
      Z coordinate: from -2.5000E+00 to  2.5000E+00 cm,     1 bins ( 5.0000E+00 cm wide)
      Data follow in a matrix A(ix,iy,iz), format (1(5x,1p,10(1x,e11.4)))

      accurate deposition along the tracks requested
      this is a track-length binning
       1.7739E-05  1.7706E-05  1.7898E-05  1.8083E-05  1.8220E-05  1.8314E-05  1.8433E-05  1.8593E-05  1.8735E-05  1.8854E-05
       1.8964E-05  1.9120E-05  1.9191E-05  1.9397E-05  1.9768E-05  1.8140E-05  1.8014E-05  1.8045E-05  1.8091E-05  1.8201E-05
       1.8311E-05  1.8427E-05  1.8574E-05  1.8717E-05  1.8852E-05  1.8995E-05  1.9156E-05  1.9318E-05  1.9520E-05  1.9712E-05
       1.9902E-05  2.0159E-05  2.0404E-05  2.0657E-05  2.0987E-05  2.1353E-05  2.2109E-05  2.4271E-05  2.4079E-05  2.4256E-05
       2.4520E-05  2.4765E-05  2.5039E-05  2.5332E-05  2.5629E-05  2.5938E-05  2.6278E-05  2.6597E-05  2.6972E-05  2.7322E-05
       2.7694E-05  2.8096E-05  2.8512E-05  2.8937E-05  2.9402E-05  2.9881E-05  3.0383E-05  3.0916E-05  3.1446E-05  3.2022E-05
       3.2647E-05  3.3320E-05  3.4011E-05  3.4758E-05  3.5554E-05  3.6403E-05  3.7350E-05  3.8450E-05  3.9668E-05  4.1053E-05
       4.2919E-05  4.5268E-05  4.8810E-05  5.5266E-05  9.4046E-05  9.0836E-05  9.2033E-05  9.3846E-05  9.4269E-05  9.3544E-05
       9.4065E-05  9.4954E-05  9.5554E-05  9.5886E-05  9.6010E-05  9.6240E-05  9.6603E-05  9.6901E-05  9.7187E-05  9.7458E-05
       9.7613E-05  9.7735E-05  9.7865E-05  9.8049E-05  9.8203E-05  9.8346E-05  9.8445E-05  9.8555E-05  9.8639E-05  9.8594E-05
       9.8627E-05  9.8593E-05  9.8609E-05  9.8593E-05  9.8498E-05  9.8487E-05  9.8371E-05  9.8325E-05  9.8149E-05  9.7984E-05
       9.7858E-05  9.7692E-05  9.7566E-05  9.7403E-05  9.7190E-05  9.6945E-05  9.6756E-05  9.6493E-05  9.6233E-05  9.5971E-05
       9.5701E-05  9.5419E-05  9.5214E-05  9.4801E-05  9.4531E-05  9.4122E-05  9.3732E-05  9.3435E-05  9.3004E-05  9.2577E-05
       9.2167E-05  9.1754E-05  9.1278E-05  9.0836E-05  9.0316E-05  8.9843E-05  8.9360E-05  8.8858E-05  8.8280E-05  8.7793E-05
       8.7245E-05  8.6703E-05  8.6108E-05  8.5460E-05  8.4911E-05  8.4282E-05  8.3648E-05  8.2984E-05  8.2315E-05  8.1679E-05
       8.0994E-05  8.0315E-05  7.9554E-05  7.8875E-05  7.8118E-05  7.7385E-05  7.6622E-05  7.5861E-05  7.5020E-05  7.4200E-05
       7.3407E-05  7.2526E-05  7.1691E-05  7.0780E-05  6.9888E-05  6.8972E-05  6.8084E-05  6.7140E-05  6.6184E-05  6.5193E-05
       6.4235E-05  6.3220E-05  6.2181E-05  6.1127E-05  6.0087E-05  5.9010E-05  5.7908E-05  5.6813E-05  5.5643E-05  5.4458E-05
       5.3249E-05  5.2077E-05  5.0854E-05  4.9547E-05  4.8222E-05  4.6802E-05  4.5772E-05  4.4856E-05  4.4001E-05  4.3215E-05
       4.2455E-05  4.1750E-05  4.1082E-05  4.0451E-05  3.9815E-05  3.9226E-05  3.8657E-05  3.8073E-05  3.7529E-05  3.7020E-05
       3.6499E-05  3.6005E-05  3.5511E-05  3.5078E-05  3.4596E-05  3.4181E-05  3.3759E-05  3.3329E-05  3.2931E-05  3.2534E-05
       3.2156E-05  3.1770E-05  3.1373E-05  3.1036E-05  3.0670E-05  3.0322E-05  2.9985E-05  2.9655E-05  2.9330E-05  2.9014E-05
       2.8723E-05  2.8409E-05  2.8096E-05  2.7789E-05  2.7509E-05  2.7237E-05  2.6954E-05  2.6652E-05  2.6388E-05  2.6135E-05
       2.5857E-05  2.5580E-05  2.5331E-05  2.5084E-05  2.4847E-05  2.4574E-05  2.4338E-05  2.4089E-05  2.3868E-05  2.3643E-05
       2.3428E-05  2.3196E-05  2.2974E-05  2.2763E-05  2.2532E-05  2.2305E-05  2.2117E-05  2.1897E-05  2.1695E-05  2.1486E-05
       2.1299E-05  2.1090E-05  2.0879E-05  2.0656E-05  2.0498E-05  2.0303E-05  2.0120E-05  1.9944E-05  1.9763E-05  1.9568E-05
       1.9380E-05  1.9198E-05  1.9046E-05  1.8859E-05  1.8700E-05  1.8522E-05  1.8333E-05  1.8177E-05  1.8001E-05  1.7846E-05
       1.7681E-05  1.7526E-05  1.7349E-05  1.7179E-05  1.7045E-05  1.6893E-05  1.6724E-05  1.6577E-05  1.6444E-05  1.6282E-05
       1.6138E-05  1.6011E-05  1.5852E-05  1.5708E-05  1.5573E-05  1.5415E-05  1.5279E-05  1.5136E-05  1.5012E-05  1.4876E-05
       1.4736E-05  1.4599E-05  1.4454E-05  1.4329E-05  1.4205E-05  1.4076E-05  1.3952E-05  1.3810E-05  1.3679E-05  1.3560E-05
       1.3435E-05  1.3304E-05  1.3202E-05  1.3069E-05  1.2963E-05  1.2838E-05  1.2725E-05  1.2623E-05  1.2495E-05  1.2370E-05
       1.2263E-05  1.2146E-05  1.2033E-05  1.1934E-05  1.1821E-05  1.1718E-05  1.1601E-05  1.1493E-05  1.1375E-05  1.1285E-05
       1.1187E-05  1.1061E-05  1.0968E-05  1.0871E-05  1.0781E-05  1.0667E-05  1.0579E-05  1.0473E-05  1.0395E-05  1.0283E-05
       1.0183E-05  1.0082E-05  1.0002E-05  9.9066E-06  9.8103E-06  9.7299E-06  9.6551E-06  9.5502E-06  9.4758E-06  9.3879E-06
       9.2870E-06  9.2057E-06  9.1154E-06  9.0340E-06  8.9481E-06  8.8776E-06  8.7813E-06  8.6928E-06  8.6162E-06  8.5259E-06
       8.4548E-06  8.3725E-06  8.2965E-06  8.2066E-06  8.1307E-06  8.0512E-06  7.9711E-06  7.9006E-06  7.8251E-06  7.7505E-06
       7.6698E-06  7.6164E-06  7.5311E-06  7.4540E-06  7.3870E-06  7.3161E-06  7.2470E-06  7.1844E-06  7.1133E-06  7.0461E-06
       6.9820E-06  6.9119E-06  6.8424E-06  6.7673E-06  6.7085E-06  6.6395E-06  6.5880E-06  6.5163E-06  6.4530E-06  6.3998E-06
       6.3135E-06  6.2605E-06  6.2071E-06  6.1487E-06  6.0806E-06  6.0202E-06  5.9676E-06  5.8975E-06  5.8398E-06  5.7878E-06
       5.7314E-06  5.6710E-06  5.6184E-06  5.5556E-06  5.5081E-06  5.4570E-06  5.4015E-06  5.3549E-06  5.2968E-06  5.2493E-06
       5.1927E-06  5.1312E-06  5.0986E-06  5.0342E-06  4.9729E-06  4.9348E-06  4.8870E-06  4.8325E-06  4.7888E-06  4.7393E-06
       4.6935E-06  4.6394E-06  4.5994E-06  4.5447E-06  4.5049E-06  4.4636E-06  4.4176E-06  4.3606E-06  4.3122E-06  4.2740E-06
       4.2217E-06  4.1815E-06  4.1382E-06  4.0982E-06  4.0670E-06  4.0171E-06  3.9742E-06  3.9268E-06  3.8859E-06  3.8389E-06
       3.8025E-06  3.7632E-06  3.7242E-06  3.6919E-06  3.6413E-06  3.6047E-06  3.5721E-06  3.5346E-06  3.4988E-06  3.4553E-06
       3.4283E-06  3.3963E-06  3.3518E-06  3.3168E-06  3.2801E-06  3.2382E-06  3.2143E-06  3.1793E-06  3.1510E-06  3.1049E-06
       3.0786E-06  3.0468E-06  3.0149E-06  2.9770E-06  2.9461E-06  2.9095E-06  2.8752E-06  2.8437E-06  2.8186E-06  2.7829E-06
       2.7591E-06  2.7265E-06  2.6931E-06  2.6584E-06  2.6340E-06  2.6113E-06  2.5742E-06  2.5552E-06  2.5262E-06  2.4931E-06
       2.4602E-06  2.4364E-06  2.4086E-06  2.3878E-06  2.3528E-06  2.3359E-06  2.3130E-06  2.2863E-06  2.2482E-06  2.2210E-06
       2.1967E-06  2.1689E-06  2.1528E-06  2.1228E-06  2.1050E-06  2.0730E-06  2.0547E-06  2.0349E-06  2.0123E-06  1.9865E-06
       1.9582E-06  1.9340E-06  1.9191E-06  1.8962E-06  1.8695E-06  1.8461E-06  1.8296E-06  1.8124E-06  1.7887E-06  1.7653E-06
       1.7432E-06  1.7276E-06  1.7023E-06  1.6833E-06  1.6652E-06  1.6468E-06  1.6230E-06  1.6094E-06  1.5847E-06  1.5664E-06
       1.5470E-06  1.5303E-06  1.5091E-06  1.4959E-06  1.4707E-06  1.4583E-06  1.4380E-06  1.4198E-06  1.4029E-06  1.3850E-06
       1.3722E-06  1.3626E-06  1.3346E-06  1.3200E-06  1.3042E-06  1.2848E-06  1.2722E-06  1.2537E-06  1.2430E-06  1.2266E-06
       1.2117E-06  1.1943E-06  1.1771E-06  1.1657E-06  1.1489E-06  1.1318E-06  1.1158E-06  1.1010E-06  1.0920E-06  1.0792E-06
       1.0597E-06  1.0516E-06  1.0355E-06  1.0254E-06  1.0076E-06  9.9870E-07  9.8491E-07  9.7130E-07  9.5909E-07  9.5111E-07
       9.3397E-07  9.2250E-07  9.0919E-07  9.0084E-07  8.8654E-07  8.7762E-07  8.6645E-07  8.5572E-07  8.4200E-07  8.3239E-07
       8.2300E-07  8.0386E-07  7.9758E-07  7.8558E-07  7.8159E-07  7.6672E-07  7.5599E-07  7.4841E-07  7.3648E-07  7.2718E-07
       7.2180E-07  7.0734E-07  6.9625E-07  6.8514E-07  6.7692E-07  6.6560E-07  6.5680E-07  6.4526E-07  6.4124E-07  6.3199E-07
       6.2429E-07  6.1360E-07  6.0617E-07  5.9620E-07  5.9414E-07  5.7969E-07  5.6902E-07  5.6460E-07  5.5567E-07  5.4646E-07
       5.4238E-07  5.3017E-07  5.2283E-07  5.1621E-07  5.1223E-07  5.0593E-07  4.9846E-07  4.9046E-07  4.8179E-07  4.7537E-07
       4.7427E-07  4.6161E-07  4.5375E-07  4.4762E-07  4.4231E-07  4.3268E-07  4.2524E-07  4.2366E-07  4.1571E-07  4.0906E-07
       4.0097E-07  3.9328E-07  3.9086E-07  3.8467E-07  3.7961E-07  3.7316E-07  3.6738E-07  3.6147E-07  3.5735E-07  3.5094E-07
       3.4642E-07  3.4107E-07  3.3593E-07  3.3527E-07  3.2635E-07  3.2135E-07  3.1683E-07  3.0903E-07  3.0596E-07  3.0407E-07
       2.9630E-07  2.9269E-07  2.8693E-07  2.8449E-07  2.7884E-07  2.7340E-07  2.7189E-07  2.6698E-07  2.6278E-07  2.5673E-07
       2.5237E-07  2.4977E-07  2.4513E-07  2.4201E-07  2.3803E-07  2.3513E-07  2.3156E-07  2.2657E-07  2.2468E-07  2.2119E-07
       2.1726E-07  2.1577E-07  2.1066E-07  2.0834E-07  2.0364E-07  2.0073E-07  1.9722E-07  1.9342E-07  1.8921E-07  1.8770E-07
       1.8417E-07  1.8239E-07  1.7929E-07  1.7818E-07  1.7389E-07  1.7138E-07  1.6764E-07  1.6631E-07  1.6209E-07  1.6023E-07
       1.5721E-07  1.5455E-07  1.5038E-07  1.4814E-07  1.4593E-07  1.4284E-07  1.4176E-07  1.3876E-07  1.3727E-07  1.3407E-07
       1.3352E-07  1.3314E-07  1.2796E-07  1.2731E-07  1.2495E-07  1.2258E-07  1.2061E-07  1.1650E-07  1.1495E-07  1.1326E-07
       1.1197E-07  1.1101E-07  1.0754E-07  1.0548E-07  1.0345E-07  1.0355E-07  9.9651E-08  9.6683E-08  9.6717E-08  9.6853E-08
       9.2966E-08  9.4720E-08  9.0947E-08  9.0442E-08  8.9102E-08  8.7213E-08  8.4763E-08  8.2291E-08  8.3183E-08  8.0184E-08
       7.9589E-08  7.7495E-08  7.5795E-08  7.4683E-08  7.3663E-08  7.3854E-08  7.2487E-08  7.1410E-08  6.9801E-08  6.8461E-08
       6.6332E-08  6.5556E-08  6.5428E-08  6.3900E-08  6.1119E-08  6.0829E-08  6.0050E-08  5.8200E-08  5.8118E-08  5.5328E-08
       5.5077E-08  5.3989E-08  5.2547E-08  5.2025E-08  5.0669E-08  5.1580E-08  5.0075E-08  4.9210E-08  4.8017E-08  4.6595E-08
       4.6108E-08  4.5658E-08  4.4763E-08  4.4339E-08  4.2545E-08  4.2297E-08  4.0588E-08  4.0637E-08  4.0515E-08  3.9887E-08
       3.8826E-08  3.8235E-08  3.7521E-08  3.7624E-08  3.7359E-08  3.7283E-08  3.5729E-08  3.4385E-08  3.5323E-08  3.3125E-08
       3.3665E-08  3.1831E-08  3.1813E-08  3.1333E-08  3.1116E-08  3.0719E-08  3.0796E-08  2.9573E-08  2.8427E-08  2.9688E-08
       2.8332E-08  2.8550E-08  2.6676E-08  2.6454E-08  2.6015E-08  2.6129E-08  2.4989E-08  2.4821E-08  2.4933E-08  2.4469E-08
       2.2772E-08  2.3071E-08  2.2760E-08  2.2315E-08  2.1673E-08  2.1604E-08  2.2971E-08  2.1475E-08  2.1834E-08  2.1022E-08
       2.0325E-08  2.1666E-08  2.0676E-08  1.9944E-08  2.0236E-08  1.8801E-08  1.8934E-08  1.8138E-08  1.8467E-08  1.8386E-08
       1.8402E-08  1.7733E-08  1.7891E-08  1.7093E-08  1.6880E-08  1.6614E-08  1.5768E-08  1.6178E-08  1.5964E-08  1.5271E-08
       1.5676E-08  1.5209E-08  1.4579E-08  1.5427E-08  1.4451E-08  1.4845E-08  1.4481E-08  1.4413E-08  1.4446E-08  1.4483E-08
       1.4278E-08  1.4131E-08  1.3942E-08  1.3436E-08  1.3686E-08  1.4187E-08  1.3632E-08  1.3007E-08  1.2767E-08  1.3199E-08
       1.3288E-08  1.2393E-08  1.1777E-08  1.2384E-08  1.1992E-08  1.1929E-08  1.1432E-08  1.1887E-08  1.1963E-08  1.1384E-08
       1.1233E-08  1.1749E-08  1.0829E-08  1.1187E-08  1.0810E-08  1.0888E-08  1.1051E-08  1.0757E-08  1.1568E-08  1.0608E-08
       1.1035E-08  1.0660E-08  1.0375E-08  1.0912E-08  1.0428E-08  9.7091E-09  1.0265E-08  1.0816E-08  1.0575E-08  1.0875E-08
       1.0558E-08  1.0216E-08  1.0264E-08  9.7211E-09  1.0093E-08  1.0195E-08  9.7875E-09  1.0060E-08  1.0465E-08  9.5011E-09
       9.8955E-09  9.6964E-09  9.9756E-09  9.7028E-09  8.9884E-09  9.6062E-09  9.7264E-09  9.7012E-09  9.3170E-09  9.4601E-09
       8.8432E-09  8.7159E-09  9.1393E-09  9.3855E-09  8.5005E-09  8.9841E-09  8.7777E-09  9.1287E-09  8.6870E-09  9.0499E-09
       8.8192E-09  9.0274E-09  9.1452E-09  8.8179E-09  8.4367E-09  8.2879E-09  8.1664E-09  8.9948E-09  8.8246E-09  8.9278E-09
       8.2876E-09  8.6107E-09  9.7996E-09  9.1312E-09  9.3673E-09  8.9300E-09  8.8911E-09  8.5338E-09  8.4898E-09  8.7000E-09
       8.9297E-09  8.7757E-09  8.1234E-09  8.1000E-09  8.7142E-09  8.5327E-09  8.0458E-09  8.2215E-09  9.0275E-09  8.0378E-09
       8.9282E-09  8.7602E-09  8.8896E-09  8.5704E-09  8.3763E-09  8.3399E-09  8.6000E-09  8.0951E-09  8.3154E-09  7.9801E-09
       8.5239E-09  8.5192E-09  8.3939E-09  7.8159E-09  7.9986E-09  8.1868E-09  7.9176E-09  8.1330E-09  7.8836E-09  7.6610E-09
       8.5221E-09  8.2336E-09  7.6472E-09  8.4565E-09  7.8130E-09  7.8946E-09  8.0714E-09  8.3752E-09  8.3262E-09  8.6607E-09
       8.4398E-09  8.3040E-09  8.6842E-09  8.6174E-09  7.8046E-09  7.6949E-09  8.0208E-09  7.9951E-09  7.9715E-09  7.8653E-09
       7.3690E-09  8.0989E-09  7.4143E-09  8.2467E-09  7.9748E-09  7.8342E-09  7.6693E-09  8.4791E-09  8.5126E-09  8.7070E-09
       8.0960E-09  7.7952E-09  8.1523E-09  8.0826E-09  7.3142E-09  8.1577E-09  8.1368E-09  7.6876E-09  7.9397E-09  7.9184E-09
       7.9020E-09  8.1443E-09  8.0538E-09  7.9736E-09  7.5807E-09  8.2688E-09  8.2567E-09  7.7056E-09  8.0775E-09  7.5983E-09
       7.8201E-09  8.1344E-09  7.8527E-09  7.7470E-09  7.8453E-09  7.5548E-09  8.4274E-09  7.7223E-09  8.0701E-09  7.6813E-09
